{"/mnt/c/Users/19Jes/development/ai-test/project-2/src/js/cookieHelper.js": {"path":"/mnt/c/Users/19Jes/development/ai-test/project-2/src/js/cookieHelper.js","statementMap":{"0":{"start":{"line":11,"column":2},"end":{"line":21,"column":5}},"1":{"start":{"line":12,"column":4},"end":{"line":20,"column":7}},"2":{"start":{"line":13,"column":6},"end":{"line":19,"column":7}},"3":{"start":{"line":14,"column":8},"end":{"line":14,"column":41}},"4":{"start":{"line":15,"column":13},"end":{"line":19,"column":7}},"5":{"start":{"line":16,"column":8},"end":{"line":16,"column":22}},"6":{"start":{"line":18,"column":8},"end":{"line":18,"column":30}},"7":{"start":{"line":34,"column":18},"end":{"line":40,"column":3}},"8":{"start":{"line":41,"column":2},"end":{"line":43,"column":3}},"9":{"start":{"line":42,"column":4},"end":{"line":42,"column":44}},"10":{"start":{"line":45,"column":2},"end":{"line":53,"column":5}},"11":{"start":{"line":46,"column":4},"end":{"line":52,"column":7}},"12":{"start":{"line":47,"column":6},"end":{"line":51,"column":7}},"13":{"start":{"line":48,"column":8},"end":{"line":48,"column":41}},"14":{"start":{"line":50,"column":8},"end":{"line":50,"column":24}},"15":{"start":{"line":57,"column":0},"end":{"line":59,"column":1}},"16":{"start":{"line":58,"column":2},"end":{"line":58,"column":44}}},"fnMap":{"0":{"name":"getCookie","decl":{"start":{"line":10,"column":9},"end":{"line":10,"column":18}},"loc":{"start":{"line":10,"column":30},"end":{"line":22,"column":1}},"line":10},"1":{"name":"(anonymous_1)","decl":{"start":{"line":11,"column":21},"end":{"line":11,"column":22}},"loc":{"start":{"line":11,"column":42},"end":{"line":21,"column":3}},"line":11},"2":{"name":"(anonymous_2)","decl":{"start":{"line":12,"column":38},"end":{"line":12,"column":39}},"loc":{"start":{"line":12,"column":50},"end":{"line":20,"column":5}},"line":12},"3":{"name":"setCookie","decl":{"start":{"line":33,"column":9},"end":{"line":33,"column":18}},"loc":{"start":{"line":33,"column":57},"end":{"line":54,"column":1}},"line":33},"4":{"name":"(anonymous_4)","decl":{"start":{"line":45,"column":21},"end":{"line":45,"column":22}},"loc":{"start":{"line":45,"column":42},"end":{"line":53,"column":3}},"line":45},"5":{"name":"(anonymous_5)","decl":{"start":{"line":46,"column":32},"end":{"line":46,"column":33}},"loc":{"start":{"line":46,"column":44},"end":{"line":52,"column":5}},"line":46}},"branchMap":{"0":{"loc":{"start":{"line":13,"column":6},"end":{"line":19,"column":7}},"type":"if","locations":[{"start":{"line":13,"column":6},"end":{"line":19,"column":7}},{"start":{"line":15,"column":13},"end":{"line":19,"column":7}}],"line":13},"1":{"loc":{"start":{"line":15,"column":13},"end":{"line":19,"column":7}},"type":"if","locations":[{"start":{"line":15,"column":13},"end":{"line":19,"column":7}},{"start":{"line":17,"column":13},"end":{"line":19,"column":7}}],"line":15},"2":{"loc":{"start":{"line":41,"column":2},"end":{"line":43,"column":3}},"type":"if","locations":[{"start":{"line":41,"column":2},"end":{"line":43,"column":3}},{"start":{},"end":{}}],"line":41},"3":{"loc":{"start":{"line":47,"column":6},"end":{"line":51,"column":7}},"type":"if","locations":[{"start":{"line":47,"column":6},"end":{"line":51,"column":7}},{"start":{"line":49,"column":13},"end":{"line":51,"column":7}}],"line":47},"4":{"loc":{"start":{"line":57,"column":0},"end":{"line":59,"column":1}},"type":"if","locations":[{"start":{"line":57,"column":0},"end":{"line":59,"column":1}},{"start":{},"end":{}}],"line":57},"5":{"loc":{"start":{"line":57,"column":4},"end":{"line":57,"column":51}},"type":"binary-expr","locations":[{"start":{"line":57,"column":4},"end":{"line":57,"column":33}},{"start":{"line":57,"column":37},"end":{"line":57,"column":51}}],"line":57}},"s":{"0":3,"1":3,"2":3,"3":1,"4":2,"5":1,"6":1,"7":3,"8":3,"9":1,"10":3,"11":3,"12":3,"13":1,"14":2,"15":1,"16":1},"f":{"0":3,"1":3,"2":3,"3":3,"4":3,"5":3},"b":{"0":[1,2],"1":[1,1],"2":[1,2],"3":[1,2],"4":[1,0],"5":[1,1]},"_coverageSchema":"1a1c01bbd47fc00a2c39e90264f33305004495a9","hash":"a4a50ec8b7e58d833c8df30c7b0a729c2870374e"}
,"/mnt/c/Users/19Jes/development/ai-test/project-2/src/js/sheets.js": {"path":"/mnt/c/Users/19Jes/development/ai-test/project-2/src/js/sheets.js","statementMap":{"0":{"start":{"line":3,"column":2},"end":{"line":13,"column":5}},"1":{"start":{"line":4,"column":4},"end":{"line":12,"column":7}},"2":{"start":{"line":5,"column":6},"end":{"line":11,"column":7}},"3":{"start":{"line":6,"column":8},"end":{"line":6,"column":41}},"4":{"start":{"line":7,"column":13},"end":{"line":11,"column":7}},"5":{"start":{"line":8,"column":8},"end":{"line":8,"column":67}},"6":{"start":{"line":10,"column":8},"end":{"line":10,"column":23}},"7":{"start":{"line":17,"column":16},"end":{"line":17,"column":36}},"8":{"start":{"line":19,"column":22},"end":{"line":19,"column":62}},"9":{"start":{"line":20,"column":20},"end":{"line":23,"column":3}},"10":{"start":{"line":24,"column":2},"end":{"line":24,"column":89}},"11":{"start":{"line":24,"column":21},"end":{"line":24,"column":89}},"12":{"start":{"line":25,"column":21},"end":{"line":25,"column":43}},"13":{"start":{"line":26,"column":2},"end":{"line":26,"column":93}},"14":{"start":{"line":26,"column":51},"end":{"line":26,"column":93}},"15":{"start":{"line":27,"column":18},"end":{"line":27,"column":38}},"16":{"start":{"line":30,"column":20},"end":{"line":30,"column":56}},"17":{"start":{"line":31,"column":18},"end":{"line":34,"column":3}},"18":{"start":{"line":35,"column":2},"end":{"line":35,"column":82}},"19":{"start":{"line":35,"column":19},"end":{"line":35,"column":82}},"20":{"start":{"line":36,"column":19},"end":{"line":36,"column":39}},"21":{"start":{"line":37,"column":15},"end":{"line":37,"column":36}},"22":{"start":{"line":39,"column":18},"end":{"line":45,"column":4}},"23":{"start":{"line":40,"column":19},"end":{"line":40,"column":59}},"24":{"start":{"line":41,"column":4},"end":{"line":43,"column":7}},"25":{"start":{"line":42,"column":6},"end":{"line":42,"column":33}},"26":{"start":{"line":44,"column":4},"end":{"line":44,"column":18}},"27":{"start":{"line":47,"column":2},"end":{"line":47,"column":30}},"28":{"start":{"line":51,"column":16},"end":{"line":51,"column":36}},"29":{"start":{"line":52,"column":14},"end":{"line":62,"column":3}},"30":{"start":{"line":63,"column":2},"end":{"line":63,"column":75}},"31":{"start":{"line":63,"column":15},"end":{"line":63,"column":75}},"32":{"start":{"line":64,"column":2},"end":{"line":64,"column":20}},"33":{"start":{"line":68,"column":16},"end":{"line":68,"column":36}},"34":{"start":{"line":70,"column":18},"end":{"line":73,"column":3}},"35":{"start":{"line":74,"column":2},"end":{"line":74,"column":90}},"36":{"start":{"line":74,"column":19},"end":{"line":74,"column":90}},"37":{"start":{"line":75,"column":19},"end":{"line":75,"column":39}},"38":{"start":{"line":76,"column":16},"end":{"line":76,"column":75}},"39":{"start":{"line":76,"column":53},"end":{"line":76,"column":74}},"40":{"start":{"line":77,"column":2},"end":{"line":77,"column":62}},"41":{"start":{"line":77,"column":14},"end":{"line":77,"column":62}},"42":{"start":{"line":78,"column":18},"end":{"line":78,"column":31}},"43":{"start":{"line":81,"column":19},"end":{"line":109,"column":3}},"44":{"start":{"line":110,"column":2},"end":{"line":110,"column":85}},"45":{"start":{"line":110,"column":20},"end":{"line":110,"column":85}},"46":{"start":{"line":111,"column":2},"end":{"line":111,"column":25}},"47":{"start":{"line":114,"column":0},"end":{"line":119,"column":2}}},"fnMap":{"0":{"name":"getAuthToken","decl":{"start":{"line":2,"column":15},"end":{"line":2,"column":27}},"loc":{"start":{"line":2,"column":30},"end":{"line":14,"column":1}},"line":2},"1":{"name":"(anonymous_1)","decl":{"start":{"line":3,"column":21},"end":{"line":3,"column":22}},"loc":{"start":{"line":3,"column":42},"end":{"line":13,"column":3}},"line":3},"2":{"name":"(anonymous_2)","decl":{"start":{"line":4,"column":56},"end":{"line":4,"column":57}},"loc":{"start":{"line":4,"column":67},"end":{"line":12,"column":5}},"line":4},"3":{"name":"fetchSheetData","decl":{"start":{"line":16,"column":15},"end":{"line":16,"column":29}},"loc":{"start":{"line":16,"column":87},"end":{"line":48,"column":1}},"line":16},"4":{"name":"(anonymous_4)","decl":{"start":{"line":39,"column":27},"end":{"line":39,"column":28}},"loc":{"start":{"line":39,"column":39},"end":{"line":45,"column":3}},"line":39},"5":{"name":"(anonymous_5)","decl":{"start":{"line":41,"column":20},"end":{"line":41,"column":21}},"loc":{"start":{"line":41,"column":32},"end":{"line":43,"column":5}},"line":41},"6":{"name":"updateSheetCell","decl":{"start":{"line":50,"column":15},"end":{"line":50,"column":30}},"loc":{"start":{"line":50,"column":73},"end":{"line":65,"column":1}},"line":50},"7":{"name":"addSheetComment","decl":{"start":{"line":67,"column":15},"end":{"line":67,"column":30}},"loc":{"start":{"line":67,"column":75},"end":{"line":112,"column":1}},"line":67},"8":{"name":"(anonymous_8)","decl":{"start":{"line":76,"column":48},"end":{"line":76,"column":49}},"loc":{"start":{"line":76,"column":53},"end":{"line":76,"column":74}},"line":76}},"branchMap":{"0":{"loc":{"start":{"line":5,"column":6},"end":{"line":11,"column":7}},"type":"if","locations":[{"start":{"line":5,"column":6},"end":{"line":11,"column":7}},{"start":{"line":7,"column":13},"end":{"line":11,"column":7}}],"line":5},"1":{"loc":{"start":{"line":7,"column":13},"end":{"line":11,"column":7}},"type":"if","locations":[{"start":{"line":7,"column":13},"end":{"line":11,"column":7}},{"start":{"line":9,"column":13},"end":{"line":11,"column":7}}],"line":7},"2":{"loc":{"start":{"line":16,"column":45},"end":{"line":16,"column":70}},"type":"default-arg","locations":[{"start":{"line":16,"column":57},"end":{"line":16,"column":70}}],"line":16},"3":{"loc":{"start":{"line":16,"column":72},"end":{"line":16,"column":85}},"type":"default-arg","locations":[{"start":{"line":16,"column":84},"end":{"line":16,"column":85}}],"line":16},"4":{"loc":{"start":{"line":24,"column":2},"end":{"line":24,"column":89}},"type":"if","locations":[{"start":{"line":24,"column":2},"end":{"line":24,"column":89}},{"start":{},"end":{}}],"line":24},"5":{"loc":{"start":{"line":26,"column":2},"end":{"line":26,"column":93}},"type":"if","locations":[{"start":{"line":26,"column":2},"end":{"line":26,"column":93}},{"start":{},"end":{}}],"line":26},"6":{"loc":{"start":{"line":26,"column":6},"end":{"line":26,"column":49}},"type":"binary-expr","locations":[{"start":{"line":26,"column":6},"end":{"line":26,"column":24}},{"start":{"line":26,"column":28},"end":{"line":26,"column":49}}],"line":26},"7":{"loc":{"start":{"line":35,"column":2},"end":{"line":35,"column":82}},"type":"if","locations":[{"start":{"line":35,"column":2},"end":{"line":35,"column":82}},{"start":{},"end":{}}],"line":35},"8":{"loc":{"start":{"line":37,"column":15},"end":{"line":37,"column":36}},"type":"binary-expr","locations":[{"start":{"line":37,"column":15},"end":{"line":37,"column":30}},{"start":{"line":37,"column":34},"end":{"line":37,"column":36}}],"line":37},"9":{"loc":{"start":{"line":42,"column":18},"end":{"line":42,"column":32}},"type":"binary-expr","locations":[{"start":{"line":42,"column":18},"end":{"line":42,"column":26}},{"start":{"line":42,"column":30},"end":{"line":42,"column":32}}],"line":42},"10":{"loc":{"start":{"line":63,"column":2},"end":{"line":63,"column":75}},"type":"if","locations":[{"start":{"line":63,"column":2},"end":{"line":63,"column":75}},{"start":{},"end":{}}],"line":63},"11":{"loc":{"start":{"line":74,"column":2},"end":{"line":74,"column":90}},"type":"if","locations":[{"start":{"line":74,"column":2},"end":{"line":74,"column":90}},{"start":{},"end":{}}],"line":74},"12":{"loc":{"start":{"line":77,"column":2},"end":{"line":77,"column":62}},"type":"if","locations":[{"start":{"line":77,"column":2},"end":{"line":77,"column":62}},{"start":{},"end":{}}],"line":77},"13":{"loc":{"start":{"line":110,"column":2},"end":{"line":110,"column":85}},"type":"if","locations":[{"start":{"line":110,"column":2},"end":{"line":110,"column":85}},{"start":{},"end":{}}],"line":110}},"s":{"0":15,"1":15,"2":15,"3":1,"4":14,"5":1,"6":13,"7":5,"8":5,"9":5,"10":5,"11":1,"12":4,"13":4,"14":1,"15":3,"16":3,"17":3,"18":3,"19":1,"20":2,"21":2,"22":2,"23":2,"24":2,"25":4,"26":2,"27":2,"28":3,"29":3,"30":3,"31":2,"32":1,"33":4,"34":4,"35":4,"36":1,"37":3,"38":3,"39":2,"40":3,"41":1,"42":2,"43":2,"44":2,"45":1,"46":1,"47":4},"f":{"0":15,"1":15,"2":15,"3":5,"4":2,"5":4,"6":3,"7":4,"8":2},"b":{"0":[1,14],"1":[1,13],"2":[0],"3":[0],"4":[1,4],"5":[1,3],"6":[4,3],"7":[1,2],"8":[2,1],"9":[4,1],"10":[2,1],"11":[1,3],"12":[1,2],"13":[1,1]},"_coverageSchema":"1a1c01bbd47fc00a2c39e90264f33305004495a9","hash":"2e7e32c92fc0136c55dccc367ec2ca962a188f17"}
,"/mnt/c/Users/19Jes/development/ai-test/project-2/src/js/updateStatus.js": {"path":"/mnt/c/Users/19Jes/development/ai-test/project-2/src/js/updateStatus.js","statementMap":{"0":{"start":{"line":3,"column":2},"end":{"line":11,"column":5}},"1":{"start":{"line":14,"column":0},"end":{"line":14,"column":34}}},"fnMap":{"0":{"name":"updateStatus","decl":{"start":{"line":2,"column":9},"end":{"line":2,"column":21}},"loc":{"start":{"line":2,"column":86},"end":{"line":12,"column":1}},"line":2}},"branchMap":{"0":{"loc":{"start":{"line":2,"column":31},"end":{"line":2,"column":46}},"type":"default-arg","locations":[{"start":{"line":2,"column":42},"end":{"line":2,"column":46}}],"line":2},"1":{"loc":{"start":{"line":2,"column":48},"end":{"line":2,"column":70}},"type":"default-arg","locations":[{"start":{"line":2,"column":57},"end":{"line":2,"column":70}}],"line":2},"2":{"loc":{"start":{"line":2,"column":72},"end":{"line":2,"column":84}},"type":"default-arg","locations":[{"start":{"line":2,"column":82},"end":{"line":2,"column":84}}],"line":2},"3":{"loc":{"start":{"line":8,"column":19},"end":{"line":8,"column":48}},"type":"binary-expr","locations":[{"start":{"line":8,"column":19},"end":{"line":8,"column":40}},{"start":{"line":8,"column":44},"end":{"line":8,"column":48}}],"line":8},"4":{"loc":{"start":{"line":9,"column":18},"end":{"line":9,"column":46}},"type":"binary-expr","locations":[{"start":{"line":9,"column":18},"end":{"line":9,"column":38}},{"start":{"line":9,"column":42},"end":{"line":9,"column":46}}],"line":9},"5":{"loc":{"start":{"line":10,"column":11},"end":{"line":10,"column":32}},"type":"binary-expr","locations":[{"start":{"line":10,"column":11},"end":{"line":10,"column":24}},{"start":{"line":10,"column":28},"end":{"line":10,"column":32}}],"line":10}},"s":{"0":2,"1":1},"f":{"0":2},"b":{"0":[1],"1":[1],"2":[1],"3":[2,1],"4":[2,1],"5":[2,1]},"_coverageSchema":"1a1c01bbd47fc00a2c39e90264f33305004495a9","hash":"7098e09b13d5bbb91fcfbb5e654b717468a50946"}
}
