TN:
SF:src/js/cookieHelper.js
FN:10,getCookie
FN:11,(anonymous_1)
FN:12,(anonymous_2)
FN:33,setCookie
FN:45,(anonymous_4)
FN:46,(anonymous_5)
FNF:6
FNH:6
FNDA:3,getCookie
FNDA:3,(anonymous_1)
FNDA:3,(anonymous_2)
FNDA:3,setCookie
FNDA:3,(anonymous_4)
FNDA:3,(anonymous_5)
DA:11,3
DA:12,3
DA:13,3
DA:14,1
DA:15,2
DA:16,1
DA:18,1
DA:34,3
DA:41,3
DA:42,1
DA:45,3
DA:46,3
DA:47,3
DA:48,1
DA:50,2
DA:57,1
DA:58,1
LF:17
LH:17
BRDA:13,0,0,1
BRDA:13,0,1,2
BRDA:15,1,0,1
BRDA:15,1,1,1
BRDA:41,2,0,1
BRDA:41,2,1,2
BRDA:47,3,0,1
BRDA:47,3,1,2
BRDA:57,4,0,1
BRDA:57,4,1,0
BRDA:57,5,0,1
BRDA:57,5,1,1
BRF:12
BRH:11
end_of_record
TN:
SF:src/js/sheets.js
FN:2,getAuthToken
FN:3,(anonymous_1)
FN:4,(anonymous_2)
FN:16,fetchSheetData
FN:39,(anonymous_4)
FN:41,(anonymous_5)
FN:50,updateSheetCell
FN:67,addSheetComment
FN:76,(anonymous_8)
FNF:9
FNH:9
FNDA:15,getAuthToken
FNDA:15,(anonymous_1)
FNDA:15,(anonymous_2)
FNDA:5,fetchSheetData
FNDA:2,(anonymous_4)
FNDA:4,(anonymous_5)
FNDA:3,updateSheetCell
FNDA:4,addSheetComment
FNDA:2,(anonymous_8)
DA:3,15
DA:4,15
DA:5,15
DA:6,1
DA:7,14
DA:8,1
DA:10,13
DA:17,5
DA:19,5
DA:20,5
DA:24,5
DA:25,4
DA:26,4
DA:27,3
DA:30,3
DA:31,3
DA:35,3
DA:36,2
DA:37,2
DA:39,2
DA:40,2
DA:41,2
DA:42,4
DA:44,2
DA:47,2
DA:51,3
DA:52,3
DA:63,3
DA:64,1
DA:68,4
DA:70,4
DA:74,4
DA:75,3
DA:76,3
DA:77,3
DA:78,2
DA:81,2
DA:110,2
DA:111,1
DA:114,4
LF:40
LH:40
BRDA:5,0,0,1
BRDA:5,0,1,14
BRDA:7,1,0,1
BRDA:7,1,1,13
BRDA:16,2,0,0
BRDA:16,3,0,0
BRDA:24,4,0,1
BRDA:24,4,1,4
BRDA:26,5,0,1
BRDA:26,5,1,3
BRDA:26,6,0,4
BRDA:26,6,1,3
BRDA:35,7,0,1
BRDA:35,7,1,2
BRDA:37,8,0,2
BRDA:37,8,1,1
BRDA:42,9,0,4
BRDA:42,9,1,1
BRDA:63,10,0,2
BRDA:63,10,1,1
BRDA:74,11,0,1
BRDA:74,11,1,3
BRDA:77,12,0,1
BRDA:77,12,1,2
BRDA:110,13,0,1
BRDA:110,13,1,1
BRF:26
BRH:24
end_of_record
TN:
SF:src/js/updateStatus.js
FN:2,updateStatus
FNF:1
FNH:1
FNDA:2,updateStatus
DA:3,2
DA:14,1
LF:2
LH:2
BRDA:2,0,0,1
BRDA:2,1,0,1
BRDA:2,2,0,1
BRDA:8,3,0,2
BRDA:8,3,1,1
BRDA:9,4,0,2
BRDA:9,4,1,1
BRDA:10,5,0,2
BRDA:10,5,1,1
BRF:9
BRH:9
end_of_record
